[0m22:56:07.621998 [debug] [MainThread]: Sending event: {'category': 'dbt', 'action': 'invocation', 'label': 'start', 'context': [<snowplow_tracker.self_describing_json.SelfDescribingJson object at 0x000001F73E4F9AC0>, <snowplow_tracker.self_describing_json.SelfDescribingJson object at 0x000001F73DFABDC0>, <snowplow_tracker.self_describing_json.SelfDescribingJson object at 0x000001F73DFABC70>]}


============================== 22:56:07.739088 | e658d13a-3aea-45ae-96c8-380c5b933b1f ==============================
[0m22:56:07.739088 [info ] [MainThread]: Running with dbt=1.7.11
[0m22:56:07.760077 [debug] [MainThread]: running dbt with arguments {'no_print': 'None', 'indirect_selection': 'eager', 'introspect': 'True', 'warn_error': 'None', 'static_parser': 'True', 'warn_error_options': 'WarnErrorOptions(include=[], exclude=[])', 'log_cache_events': 'False', 'log_path': 'logs', 'profiles_dir': 'C:\\Users\\Danila\\.dbt', 'quiet': 'False', 'write_json': 'True', 'use_colors': 'True', 'invocation_command': 'dbt init', 'fail_fast': 'False', 'cache_selected_only': 'False', 'version_check': 'True', 'send_anonymous_usage_stats': 'True', 'use_experimental_parser': 'False', 'printer_width': '80', 'log_format': 'default', 'debug': 'False', 'partial_parse': 'True', 'target_path': 'None'}
[0m22:56:07.774041 [warn ] [MainThread]: [ConfigFolderDirectory]: Unable to parse dict {'dir': WindowsPath('C:/Users/Danila/.dbt')}
[0m22:56:07.774997 [info ] [MainThread]: Creating dbt configuration folder at 
[0m22:56:51.233243 [debug] [MainThread]: Starter project path: D:\Users\Danila\anaconda3\envs\dbt_env\lib\site-packages\dbt\include\starter_project
[0m22:56:51.541752 [info ] [MainThread]: 
Your new dbt project "campaign_performance" was created!

For more information on how to configure the profiles.yml file,
please consult the dbt documentation here:

  https://docs.getdbt.com/docs/configure-your-profile

One more thing:

Need help? Don't hesitate to reach out to us via GitHub issues or on Slack:

  https://community.getdbt.com/

Happy modeling!

[0m22:56:51.542948 [info ] [MainThread]: Setting up your profile.
[0m23:05:35.210962 [info ] [MainThread]: Profile campaign_performance written to C:\Users\Danila\.dbt\profiles.yml using target's profile_template.yml and your supplied values. Run 'dbt debug' to validate the connection.
[0m23:05:35.626903 [debug] [MainThread]: Command `dbt init` succeeded at 23:05:35.258368 after 567.86 seconds
[0m23:05:35.672312 [debug] [MainThread]: Sending event: {'category': 'dbt', 'action': 'invocation', 'label': 'end', 'context': [<snowplow_tracker.self_describing_json.SelfDescribingJson object at 0x000001F73E4F9AC0>, <snowplow_tracker.self_describing_json.SelfDescribingJson object at 0x000001F73DFABB80>, <snowplow_tracker.self_describing_json.SelfDescribingJson object at 0x000001F73DFABCD0>]}
[0m23:05:35.708216 [debug] [MainThread]: Flushing usage events
[0m23:15:15.432463 [debug] [MainThread]: Sending event: {'category': 'dbt', 'action': 'invocation', 'label': 'start', 'context': [<snowplow_tracker.self_describing_json.SelfDescribingJson object at 0x00000263D63469D0>, <snowplow_tracker.self_describing_json.SelfDescribingJson object at 0x00000263D5E2C850>, <snowplow_tracker.self_describing_json.SelfDescribingJson object at 0x00000263D5E2C820>]}


============================== 23:15:15.573512 | 61319262-bf15-452b-a2d5-9e67fe184b2b ==============================
[0m23:15:15.573512 [info ] [MainThread]: Running with dbt=1.7.11
[0m23:15:15.604971 [debug] [MainThread]: running dbt with arguments {'target_path': 'None', 'send_anonymous_usage_stats': 'True', 'introspect': 'True', 'log_path': 'logs', 'profiles_dir': 'C:\\Users\\Danila\\.dbt', 'warn_error_options': 'WarnErrorOptions(include=[], exclude=[])', 'version_check': 'True', 'write_json': 'True', 'log_cache_events': 'False', 'partial_parse': 'True', 'log_format': 'default', 'use_colors': 'True', 'use_experimental_parser': 'False', 'no_print': 'None', 'cache_selected_only': 'False', 'debug': 'False', 'printer_width': '80', 'warn_error': 'None', 'indirect_selection': 'eager', 'static_parser': 'True', 'invocation_command': 'dbt test', 'quiet': 'False', 'fail_fast': 'False'}
[0m23:15:15.631123 [error] [MainThread]: Encountered an error:
Runtime Error
  No dbt_project.yml found at expected path D:\GitHub\dbt\dbt_project.yml
  Verify that each entry within packages.yml (and their transitive dependencies) contains a file named dbt_project.yml
  
[0m23:15:15.683477 [debug] [MainThread]: Command `dbt test` failed at 23:15:15.634122 after 0.40 seconds
[0m23:15:15.684472 [debug] [MainThread]: Sending event: {'category': 'dbt', 'action': 'invocation', 'label': 'end', 'context': [<snowplow_tracker.self_describing_json.SelfDescribingJson object at 0x00000263D63469D0>, <snowplow_tracker.self_describing_json.SelfDescribingJson object at 0x00000263D5E2C850>, <snowplow_tracker.self_describing_json.SelfDescribingJson object at 0x00000263D5E2CD60>]}
[0m23:15:15.688463 [debug] [MainThread]: Flushing usage events
[0m01:12:41.668518 [debug] [MainThread]: Sending event: {'category': 'dbt', 'action': 'invocation', 'label': 'start', 'context': [<snowplow_tracker.self_describing_json.SelfDescribingJson object at 0x0000020EA6DF6AC0>, <snowplow_tracker.self_describing_json.SelfDescribingJson object at 0x0000020EA5F9A0D0>, <snowplow_tracker.self_describing_json.SelfDescribingJson object at 0x0000020EA68DDA00>]}


============================== 01:12:41.786091 | 1d747f0f-2e9f-4533-b232-cb7d88e2ca7d ==============================
[0m01:12:41.786091 [info ] [MainThread]: Running with dbt=1.7.11
[0m01:12:41.806607 [debug] [MainThread]: running dbt with arguments {'log_format': 'default', 'profiles_dir': 'C:\\Users\\Danila\\.dbt', 'debug': 'False', 'static_parser': 'True', 'indirect_selection': 'eager', 'introspect': 'True', 'version_check': 'True', 'log_cache_events': 'False', 'invocation_command': 'dbt run', 'use_experimental_parser': 'False', 'partial_parse': 'True', 'warn_error': 'None', 'cache_selected_only': 'False', 'use_colors': 'True', 'warn_error_options': 'WarnErrorOptions(include=[], exclude=[])', 'target_path': 'None', 'send_anonymous_usage_stats': 'True', 'write_json': 'True', 'no_print': 'None', 'printer_width': '80', 'quiet': 'False', 'fail_fast': 'False', 'log_path': 'logs'}
[0m01:12:41.808604 [error] [MainThread]: Encountered an error:
Runtime Error
  No dbt_project.yml found at expected path D:\GitHub\dbt\dbt_project.yml
  Verify that each entry within packages.yml (and their transitive dependencies) contains a file named dbt_project.yml
  
[0m01:12:41.829961 [debug] [MainThread]: Command `dbt run` failed at 01:12:41.810604 after 0.31 seconds
[0m01:12:41.830960 [debug] [MainThread]: Sending event: {'category': 'dbt', 'action': 'invocation', 'label': 'end', 'context': [<snowplow_tracker.self_describing_json.SelfDescribingJson object at 0x0000020EA6DF6AC0>, <snowplow_tracker.self_describing_json.SelfDescribingJson object at 0x0000020EA68DD490>, <snowplow_tracker.self_describing_json.SelfDescribingJson object at 0x0000020EA68DD5E0>]}
[0m01:12:41.831958 [debug] [MainThread]: Flushing usage events
[0m01:13:05.616119 [debug] [MainThread]: Sending event: {'category': 'dbt', 'action': 'invocation', 'label': 'start', 'context': [<snowplow_tracker.self_describing_json.SelfDescribingJson object at 0x000002418E031A60>, <snowplow_tracker.self_describing_json.SelfDescribingJson object at 0x00000241904667F0>, <snowplow_tracker.self_describing_json.SelfDescribingJson object at 0x000002418DB1D9A0>]}


============================== 01:13:05.619147 | ced84743-8c0c-4886-a8f2-13495d16fd33 ==============================
[0m01:13:05.619147 [info ] [MainThread]: Running with dbt=1.7.11
[0m01:13:05.621104 [debug] [MainThread]: running dbt with arguments {'static_parser': 'True', 'target_path': 'None', 'log_cache_events': 'False', 'warn_error': 'None', 'log_format': 'default', 'fail_fast': 'False', 'log_path': 'logs', 'write_json': 'True', 'introspect': 'True', 'send_anonymous_usage_stats': 'True', 'warn_error_options': 'WarnErrorOptions(include=[], exclude=[])', 'version_check': 'True', 'partial_parse': 'True', 'debug': 'False', 'no_print': 'None', 'quiet': 'False', 'use_experimental_parser': 'False', 'profiles_dir': 'C:\\Users\\Danila\\.dbt', 'invocation_command': 'dbt run', 'printer_width': '80', 'indirect_selection': 'eager', 'cache_selected_only': 'False', 'use_colors': 'True'}
[0m01:13:05.784488 [error] [MainThread]: Encountered an error:
Runtime Error
  No dbt_project.yml found at expected path D:\GitHub\dbt\dbt_project.yml
  Verify that each entry within packages.yml (and their transitive dependencies) contains a file named dbt_project.yml
  
[0m01:13:05.792792 [debug] [MainThread]: Command `dbt run` failed at 01:13:05.791806 after 0.26 seconds
[0m01:13:05.795750 [debug] [MainThread]: Sending event: {'category': 'dbt', 'action': 'invocation', 'label': 'end', 'context': [<snowplow_tracker.self_describing_json.SelfDescribingJson object at 0x000002418E031A60>, <snowplow_tracker.self_describing_json.SelfDescribingJson object at 0x000002418DB1D100>, <snowplow_tracker.self_describing_json.SelfDescribingJson object at 0x000002418DB1D190>]}
[0m01:13:05.798743 [debug] [MainThread]: Flushing usage events
[0m20:37:40.807979 [debug] [MainThread]: Sending event: {'category': 'dbt', 'action': 'invocation', 'label': 'start', 'context': [<snowplow_tracker.self_describing_json.SelfDescribingJson object at 0x10700b4d0>, <snowplow_tracker.self_describing_json.SelfDescribingJson object at 0x105f8b150>, <snowplow_tracker.self_describing_json.SelfDescribingJson object at 0x1070829d0>]}


============================== 20:37:40.809549 | 74a2d401-2971-489f-a9b4-4b18099f6724 ==============================
[0m20:37:40.809549 [info ] [MainThread]: Running with dbt=1.7.0
[0m20:37:40.809876 [debug] [MainThread]: running dbt with arguments {'log_path': '/Users/danila/github/dbt/logs', 'fail_fast': 'False', 'static_parser': 'True', 'send_anonymous_usage_stats': 'True', 'partial_parse': 'True', 'warn_error_options': 'WarnErrorOptions(include=[], exclude=[])', 'write_json': 'True', 'indirect_selection': 'eager', 'no_print': 'None', 'use_experimental_parser': 'False', 'version_check': 'True', 'log_format': 'default', 'introspect': 'True', 'quiet': 'False', 'printer_width': '80', 'profiles_dir': '/Users/danila/.dbt', 'target_path': 'None', 'cache_selected_only': 'False', 'use_colors': 'True', 'debug': 'False', 'invocation_command': 'dbt build --select staging', 'log_cache_events': 'False', 'warn_error': 'None'}
[0m20:37:40.875373 [debug] [MainThread]: Sending event: {'category': 'dbt', 'action': 'project_id', 'label': '74a2d401-2971-489f-a9b4-4b18099f6724', 'context': [<snowplow_tracker.self_describing_json.SelfDescribingJson object at 0x10749b150>]}
[0m20:37:40.905313 [debug] [MainThread]: Sending event: {'category': 'dbt', 'action': 'adapter_info', 'label': '74a2d401-2971-489f-a9b4-4b18099f6724', 'context': [<snowplow_tracker.self_describing_json.SelfDescribingJson object at 0x10756b150>]}
[0m20:37:40.906503 [info ] [MainThread]: Registered adapter: postgres=1.7.0
[0m20:37:40.913060 [debug] [MainThread]: checksum: 8434eacd4ffdf0ca3ab22bf0e2d55b45306c9599613e842b959405abc489e606, vars: {}, profile: , target: , version: 1.7.0
[0m20:37:40.913505 [info ] [MainThread]: Unable to do partial parsing because saved manifest not found. Starting full parse.
[0m20:37:40.913730 [debug] [MainThread]: Sending event: {'category': 'dbt', 'action': 'partial_parser', 'label': '74a2d401-2971-489f-a9b4-4b18099f6724', 'context': [<snowplow_tracker.self_describing_json.SelfDescribingJson object at 0x1073bb750>]}
[0m20:37:41.341418 [error] [MainThread]: Encountered an error:
Compilation Error
  Model 'model.campaign_perfomance.outclick_cost_int_new' (models/brand_performance/outclick_cost_int_new.sql) depends on a node named 'stg_campaing_names_mapping__traffic_sources' which was not found
[0m20:37:41.469997 [debug] [MainThread]: Resource report: {"command_name": "build", "command_wall_clock_time": 0.6839943, "process_user_time": 1.226842, "process_kernel_time": 0.099768, "process_mem_max_rss": "120864768", "command_success": false, "process_in_blocks": "0", "process_out_blocks": "0"}
[0m20:37:41.470666 [debug] [MainThread]: Command `dbt build` failed at 20:37:41.470533 after 0.68 seconds
[0m20:37:41.471047 [debug] [MainThread]: Sending event: {'category': 'dbt', 'action': 'invocation', 'label': 'end', 'context': [<snowplow_tracker.self_describing_json.SelfDescribingJson object at 0x107082fd0>, <snowplow_tracker.self_describing_json.SelfDescribingJson object at 0x107083010>, <snowplow_tracker.self_describing_json.SelfDescribingJson object at 0x107854ad0>]}
[0m20:37:41.471410 [debug] [MainThread]: Flushing usage events
[0m20:43:08.177390 [debug] [MainThread]: Sending event: {'category': 'dbt', 'action': 'invocation', 'label': 'start', 'context': [<snowplow_tracker.self_describing_json.SelfDescribingJson object at 0x1092bfd50>, <snowplow_tracker.self_describing_json.SelfDescribingJson object at 0x109336310>, <snowplow_tracker.self_describing_json.SelfDescribingJson object at 0x1093369d0>]}


============================== 20:43:08.178802 | 91799ebb-b5dc-43ca-b0ba-e22b19d3b6db ==============================
[0m20:43:08.178802 [info ] [MainThread]: Running with dbt=1.7.0
[0m20:43:08.179144 [debug] [MainThread]: running dbt with arguments {'profiles_dir': '/Users/danila/.dbt', 'static_parser': 'True', 'write_json': 'True', 'target_path': 'None', 'send_anonymous_usage_stats': 'True', 'use_experimental_parser': 'False', 'warn_error': 'None', 'version_check': 'True', 'debug': 'False', 'quiet': 'False', 'introspect': 'True', 'printer_width': '80', 'log_path': '/Users/danila/github/dbt/logs', 'partial_parse': 'True', 'fail_fast': 'False', 'log_format': 'default', 'use_colors': 'True', 'no_print': 'None', 'cache_selected_only': 'False', 'invocation_command': 'dbt run --exclude brand_performance', 'log_cache_events': 'False', 'warn_error_options': 'WarnErrorOptions(include=[], exclude=[])', 'indirect_selection': 'eager'}
[0m20:43:08.244244 [debug] [MainThread]: Sending event: {'category': 'dbt', 'action': 'project_id', 'label': '91799ebb-b5dc-43ca-b0ba-e22b19d3b6db', 'context': [<snowplow_tracker.self_describing_json.SelfDescribingJson object at 0x109881e50>]}
[0m20:43:08.274072 [debug] [MainThread]: Sending event: {'category': 'dbt', 'action': 'adapter_info', 'label': '91799ebb-b5dc-43ca-b0ba-e22b19d3b6db', 'context': [<snowplow_tracker.self_describing_json.SelfDescribingJson object at 0x10988ea10>]}
[0m20:43:08.274790 [info ] [MainThread]: Registered adapter: postgres=1.7.0
[0m20:43:08.281528 [debug] [MainThread]: checksum: 8434eacd4ffdf0ca3ab22bf0e2d55b45306c9599613e842b959405abc489e606, vars: {}, profile: , target: , version: 1.7.0
[0m20:43:08.281975 [info ] [MainThread]: Unable to do partial parsing because saved manifest not found. Starting full parse.
[0m20:43:08.282212 [debug] [MainThread]: Sending event: {'category': 'dbt', 'action': 'partial_parser', 'label': '91799ebb-b5dc-43ca-b0ba-e22b19d3b6db', 'context': [<snowplow_tracker.self_describing_json.SelfDescribingJson object at 0x109955f90>]}
[0m20:43:08.724774 [error] [MainThread]: Encountered an error:
Compilation Error
  Model 'model.campaign_perfomance.outclick_cost_int_new' (models/brand_performance/outclick_cost_int_new.sql) depends on a node named 'stg_campaing_names_mapping__traffic_sources' which was not found
[0m20:43:08.726844 [debug] [MainThread]: Resource report: {"command_name": "run", "command_wall_clock_time": 0.5712106, "process_user_time": 1.220016, "process_kernel_time": 0.09036, "process_mem_max_rss": "121208832", "command_success": false, "process_in_blocks": "0", "process_out_blocks": "0"}
[0m20:43:08.727095 [debug] [MainThread]: Command `dbt run` failed at 20:43:08.727037 after 0.57 seconds
[0m20:43:08.727267 [debug] [MainThread]: Sending event: {'category': 'dbt', 'action': 'invocation', 'label': 'end', 'context': [<snowplow_tracker.self_describing_json.SelfDescribingJson object at 0x109310710>, <snowplow_tracker.self_describing_json.SelfDescribingJson object at 0x104bb8d90>, <snowplow_tracker.self_describing_json.SelfDescribingJson object at 0x104b7c850>]}
[0m20:43:08.727431 [debug] [MainThread]: Flushing usage events
[0m20:43:33.301284 [debug] [MainThread]: Sending event: {'category': 'dbt', 'action': 'invocation', 'label': 'start', 'context': [<snowplow_tracker.self_describing_json.SelfDescribingJson object at 0x10708b750>, <snowplow_tracker.self_describing_json.SelfDescribingJson object at 0x1070dd210>, <snowplow_tracker.self_describing_json.SelfDescribingJson object at 0x10708b4d0>]}


============================== 20:43:33.302511 | d4151df4-94fc-46da-8755-145677dc48d1 ==============================
[0m20:43:33.302511 [info ] [MainThread]: Running with dbt=1.7.0
[0m20:43:33.302841 [debug] [MainThread]: running dbt with arguments {'debug': 'False', 'send_anonymous_usage_stats': 'True', 'partial_parse': 'True', 'introspect': 'True', 'write_json': 'True', 'use_experimental_parser': 'False', 'log_format': 'default', 'warn_error': 'None', 'no_print': 'None', 'log_path': '/Users/danila/github/dbt/logs', 'static_parser': 'True', 'target_path': 'None', 'profiles_dir': '/Users/danila/.dbt', 'quiet': 'False', 'log_cache_events': 'False', 'cache_selected_only': 'False', 'invocation_command': 'dbt run --exclude outclick_cost_int_new', 'use_colors': 'True', 'printer_width': '80', 'indirect_selection': 'eager', 'fail_fast': 'False', 'version_check': 'True', 'warn_error_options': 'WarnErrorOptions(include=[], exclude=[])'}
[0m20:43:33.366621 [debug] [MainThread]: Sending event: {'category': 'dbt', 'action': 'project_id', 'label': 'd4151df4-94fc-46da-8755-145677dc48d1', 'context': [<snowplow_tracker.self_describing_json.SelfDescribingJson object at 0x10713cc90>]}
[0m20:43:33.397424 [debug] [MainThread]: Sending event: {'category': 'dbt', 'action': 'adapter_info', 'label': 'd4151df4-94fc-46da-8755-145677dc48d1', 'context': [<snowplow_tracker.self_describing_json.SelfDescribingJson object at 0x107129410>]}
[0m20:43:33.397772 [info ] [MainThread]: Registered adapter: postgres=1.7.0
[0m20:43:33.404077 [debug] [MainThread]: checksum: 8434eacd4ffdf0ca3ab22bf0e2d55b45306c9599613e842b959405abc489e606, vars: {}, profile: , target: , version: 1.7.0
[0m20:43:33.404471 [info ] [MainThread]: Unable to do partial parsing because saved manifest not found. Starting full parse.
[0m20:43:33.404701 [debug] [MainThread]: Sending event: {'category': 'dbt', 'action': 'partial_parser', 'label': 'd4151df4-94fc-46da-8755-145677dc48d1', 'context': [<snowplow_tracker.self_describing_json.SelfDescribingJson object at 0x1077227d0>]}
[0m20:43:33.847167 [error] [MainThread]: Encountered an error:
Compilation Error
  Model 'model.campaign_perfomance.outclick_cost_int_new' (models/brand_performance/outclick_cost_int_new.sql) depends on a node named 'stg_campaing_names_mapping__traffic_sources' which was not found
[0m20:43:33.848060 [debug] [MainThread]: Resource report: {"command_name": "run", "command_wall_clock_time": 0.56731486, "process_user_time": 1.238614, "process_kernel_time": 0.082752, "process_mem_max_rss": "120389632", "command_success": false, "process_in_blocks": "0", "process_out_blocks": "0"}
[0m20:43:33.848303 [debug] [MainThread]: Command `dbt run` failed at 20:43:33.848245 after 0.57 seconds
[0m20:43:33.848477 [debug] [MainThread]: Sending event: {'category': 'dbt', 'action': 'invocation', 'label': 'end', 'context': [<snowplow_tracker.self_describing_json.SelfDescribingJson object at 0x107102750>, <snowplow_tracker.self_describing_json.SelfDescribingJson object at 0x107103690>, <snowplow_tracker.self_describing_json.SelfDescribingJson object at 0x102a0df10>]}
[0m20:43:33.848639 [debug] [MainThread]: Flushing usage events
